<?xml version="1.0" encoding="UTF-8"?>
<!-- Generated by org.testng.reporters.JUnitXMLReporter -->
<testsuite hostname="BLRPPATIL156084" ignored="0" name="Default test" tests="10" failures="0" timestamp="19 Feb 2018 10:24:45 GMT" time="270.604" errors="0">
  <testcase name="CreateNewTemplate" time="14.423" classname="aemTest.Carousel"/>
  <testcase name="CarouselSide1" time="15.578" classname="aemTest.Carousel"/>
  <testcase name="CarouselSide2" time="19.595" classname="aemTest.Carousel"/>
  <testcase name="CarouselSide3" time="23.861" classname="aemTest.Carousel"/>
  <testcase name="CarouselSide4" time="28.08" classname="aemTest.Carousel"/>
  <testcase name="CarouselSide5" time="32.584" classname="aemTest.Carousel"/>
  <testcase name="CarouselSide6" time="36.876" classname="aemTest.Carousel"/>
  <testcase name="CarouselSide7" time="40.907" classname="aemTest.Carousel"/>
  <testcase name="CarouselSide8" time="45.365" classname="aemTest.Carousel"/>
  <testcase name="PublishThePage" time="7.499" classname="aemTest.Carousel"/>
</testsuite> <!-- Default test -->
